<?xml version="1.0" encoding="UTF-8"?>
<!-- Generated by org.testng.reporters.JUnitXMLReporter -->
<testsuite hostname="prajakta-machine" name="Test EXCEL using data Provider" tests="3" failures="0" timestamp="29 Jul 2019 21:09:09 GMT" time="0.582" errors="0">
  <testcase name="testgetData" time="0.006" classname="com.testng.annotations.practice.DataProviderUsingExcel"/>
  <testcase name="testgetData" time="0.004" classname="com.testng.annotations.practice.DataProviderUsingExcel"/>
  <testcase name="testgetData" time="0.001" classname="com.testng.annotations.practice.DataProviderUsingExcel"/>
</testsuite> <!-- Test EXCEL using data Provider -->
