<?xml version="1.0" encoding="UTF-8"?>
<testng-results skipped="0" failed="0" total="1" passed="1">
  <reporter-output>
  </reporter-output>
  <suite name="Default suite" duration-ms="28" started-at="2019-12-10T20:32:05Z" finished-at="2019-12-10T20:32:05Z">
    <groups>
    </groups>
    <test name="Default test" duration-ms="28" started-at="2019-12-10T20:32:05Z" finished-at="2019-12-10T20:32:05Z">
      <class name="com.testng.annotations.practice.Test2Factory">
        <test-method status="PASS" signature="Test2()[pri:0, instance:com.testng.annotations.practice.Test2Factory@548e7350]" name="Test2" duration-ms="9" started-at="2019-12-11T02:02:05Z" finished-at="2019-12-11T02:02:05Z">
          <reporter-output>
          </reporter-output>
        </test-method> <!-- Test2 -->
      </class> <!-- com.testng.annotations.practice.Test2Factory -->
    </test> <!-- Default test -->
  </suite> <!-- Default suite -->
</testng-results>
