<?xml version="1.0" encoding="UTF-8"?>
<testng-results skipped="0" failed="0" total="1" passed="1">
  <reporter-output>
  </reporter-output>
  <suite name="Default suite" duration-ms="8084" started-at="2019-12-14T21:38:55Z" finished-at="2019-12-14T21:39:04Z">
    <groups>
    </groups>
    <test name="Default test" duration-ms="8084" started-at="2019-12-14T21:38:55Z" finished-at="2019-12-14T21:39:04Z">
      <class name="tests.FbLoginTest">
        <test-method status="PASS" signature="initialize()[pri:0, instance:tests.FbLoginTest@1e88b3c]" name="initialize" is-config="true" duration-ms="34902" started-at="2019-12-15T03:08:21Z" finished-at="2019-12-15T03:08:55Z">
          <reporter-output>
          </reporter-output>
        </test-method> <!-- initialize -->
        <test-method status="PASS" signature="init()[pri:0, instance:tests.FbLoginTest@1e88b3c]" name="init" duration-ms="8068" started-at="2019-12-15T03:08:55Z" finished-at="2019-12-15T03:09:04Z">
          <reporter-output>
          </reporter-output>
        </test-method> <!-- init -->
        <test-method status="PASS" signature="TeardownTest()[pri:0, instance:tests.FbLoginTest@1e88b3c]" name="TeardownTest" is-config="true" duration-ms="76" started-at="2019-12-15T03:09:04Z" finished-at="2019-12-15T03:09:04Z">
          <reporter-output>
          </reporter-output>
        </test-method> <!-- TeardownTest -->
      </class> <!-- tests.FbLoginTest -->
    </test> <!-- Default test -->
  </suite> <!-- Default suite -->
</testng-results>
