<?xml version="1.0" encoding="UTF-8"?>
<!-- Generated by org.testng.reporters.JUnitXMLReporter -->
<testsuite hostname="prajakta-machine" name="Data provider testing" tests="4" failures="0" timestamp="30 Jul 2019 17:32:11 GMT" time="0.05" errors="0">
  <testcase name="f" time="0.008" classname="com.testng.annotations.practice.DataProvider1"/>
  <testcase name="f" time="0.008" classname="com.testng.annotations.practice.DataProvider1"/>
  <testcase name="printName" time="0.002" classname="com.testng.annotations.practice.DataProvider1"/>
  <testcase name="printName" time="0.002" classname="com.testng.annotations.practice.DataProvider1"/>
</testsuite> <!-- Data provider testing -->
