<?xml version="1.0" encoding="UTF-8"?>
<!-- Generated by org.testng.reporters.JUnitXMLReporter -->
<testsuite hostname="prajakta-machine" name="TestNG annotations" tests="2" failures="1" timestamp="29 Jul 2019 19:18:53 GMT" time="0.053" errors="0">
  <testcase name="testPrintMessage" time="0.023" classname="com.testng.annotations.practice.Annotations"/>
  <testcase name="testprintMessage2" time="0.004" classname="com.testng.annotations.practice.Annotations">
    <failure type="java.lang.AssertionError" message="The following asserts failed:
	expected [Learn Annotations] but found [Learn Annotations by soft assert]">
      <![CDATA[java.lang.AssertionError: The following asserts failed:
	expected [Learn Annotations] but found [Learn Annotations by soft assert]
	at com.testng.annotations.practice.Annotations.testprintMessage2(Annotations.java:31)
... Removed 26 stack frames]]>
    </failure>
  </testcase> <!-- testprintMessage2 -->
</testsuite> <!-- TestNG annotations -->
