<?xml version="1.0" encoding="UTF-8"?>
<!-- Generated by org.testng.reporters.JUnitXMLReporter -->
<testsuite hostname="prajakta-machine" name="USE Test1Factory and Test2Factory" tests="2" failures="0" timestamp="30 Jul 2019 18:20:17 GMT" time="0.038" errors="0">
  <testcase name="Test1" time="0.012" classname="com.testng.annotations.practice.Test1Factory"/>
  <testcase name="Test2" time="0.002" classname="com.testng.annotations.practice.Test2Factory"/>
</testsuite> <!-- USE Test1Factory and Test2Factory -->
