<?xml version="1.0" encoding="UTF-8"?>
<testng-results skipped="1" failed="0" total="2" passed="1">
  <reporter-output>
  </reporter-output>
  <suite name="Default suite" duration-ms="158105" started-at="2019-12-14T20:31:50Z" finished-at="2019-12-14T20:34:28Z">
    <groups>
    </groups>
    <test name="Default test" duration-ms="158105" started-at="2019-12-14T20:31:50Z" finished-at="2019-12-14T20:34:28Z">
      <class name="dfPack.LoginTest">
        <test-method status="PASS" signature="init()[pri:0, instance:dfPack.LoginTest@1d8d30f7]" name="init" is-config="true" duration-ms="6" started-at="2019-12-15T02:01:50Z" finished-at="2019-12-15T02:01:50Z">
          <reporter-output>
          </reporter-output>
        </test-method> <!-- init -->
        <test-method status="PASS" signature="doLoginTest(java.util.HashMap)[pri:0, instance:dfPack.LoginTest@1d8d30f7]" name="doLoginTest" duration-ms="157264" started-at="2019-12-15T02:01:50Z" data-provider="getData" finished-at="2019-12-15T02:04:28Z">
          <params>
            <param index="0">
              <value>
                <![CDATA[{Runmode=Y, ExpectedResult=Success, Username=seleniumtraining11292017@gmail.com, Browser=Chrome, Password=SeleniumTester$}]]>
              </value>
            </param>
          </params>
          <reporter-output>
          </reporter-output>
        </test-method> <!-- doLoginTest -->
        <test-method status="PASS" signature="testClosure()[pri:0, instance:dfPack.LoginTest@1d8d30f7]" name="testClosure" is-config="true" duration-ms="345" started-at="2019-12-15T02:04:28Z" finished-at="2019-12-15T02:04:28Z">
          <reporter-output>
          </reporter-output>
        </test-method> <!-- testClosure -->
        <test-method status="SKIP" signature="doLoginTest(java.util.HashMap)[pri:0, instance:dfPack.LoginTest@1d8d30f7]" name="doLoginTest" duration-ms="1" started-at="2019-12-15T02:04:28Z" data-provider="getData" finished-at="2019-12-15T02:04:28Z">
          <params>
            <param index="0">
              <value>
                <![CDATA[{Runmode=N, ExpectedResult=Success, Username=seleniumtraining11292017@gmail.com, Browser=Chrome, Password=SeleniumTester$}]]>
              </value>
            </param>
          </params>
          <exception class="org.testng.SkipException">
            <message>
              <![CDATA[Skipping the test as the run mode is set to N]]>
            </message>
            <full-stacktrace>
              <![CDATA[org.testng.SkipException: Skipping the test as the run mode is set to N
	at dfPack.LoginTest.doLoginTest(LoginTest.java:50)
	at sun.reflect.NativeMethodAccessorImpl.invoke0(Native Method)
	at sun.reflect.NativeMethodAccessorImpl.invoke(NativeMethodAccessorImpl.java:62)
	at sun.reflect.DelegatingMethodAccessorImpl.invoke(DelegatingMethodAccessorImpl.java:43)
	at java.lang.reflect.Method.invoke(Method.java:498)
	at org.testng.internal.MethodInvocationHelper.invokeMethod(MethodInvocationHelper.java:100)
	at org.testng.internal.Invoker.invokeMethod(Invoker.java:646)
	at org.testng.internal.Invoker.invokeTestMethod(Invoker.java:811)
	at org.testng.internal.Invoker.invokeTestMethods(Invoker.java:1137)
	at org.testng.internal.TestMethodWorker.invokeTestMethods(TestMethodWorker.java:129)
	at org.testng.internal.TestMethodWorker.run(TestMethodWorker.java:112)
	at org.testng.TestRunner.privateRun(TestRunner.java:753)
	at org.testng.TestRunner.run(TestRunner.java:607)
	at org.testng.SuiteRunner.runTest(SuiteRunner.java:368)
	at org.testng.SuiteRunner.runSequentially(SuiteRunner.java:363)
	at org.testng.SuiteRunner.privateRun(SuiteRunner.java:321)
	at org.testng.SuiteRunner.run(SuiteRunner.java:270)
	at org.testng.SuiteRunnerWorker.runSuite(SuiteRunnerWorker.java:52)
	at org.testng.SuiteRunnerWorker.run(SuiteRunnerWorker.java:86)
	at org.testng.TestNG.runSuitesSequentially(TestNG.java:1284)
	at org.testng.TestNG.runSuitesLocally(TestNG.java:1209)
	at org.testng.TestNG.runSuites(TestNG.java:1124)
	at org.testng.TestNG.run(TestNG.java:1096)
	at org.testng.remote.AbstractRemoteTestNG.run(AbstractRemoteTestNG.java:132)
	at org.testng.remote.RemoteTestNG.initAndRun(RemoteTestNG.java:236)
	at org.testng.remote.RemoteTestNG.main(RemoteTestNG.java:81)
]]>
            </full-stacktrace>
          </exception> <!-- org.testng.SkipException -->
          <reporter-output>
          </reporter-output>
        </test-method> <!-- doLoginTest -->
        <test-method status="PASS" signature="testClosure()[pri:0, instance:dfPack.LoginTest@1d8d30f7]" name="testClosure" is-config="true" duration-ms="38" started-at="2019-12-15T02:04:28Z" finished-at="2019-12-15T02:04:28Z">
          <reporter-output>
          </reporter-output>
        </test-method> <!-- testClosure -->
      </class> <!-- dfPack.LoginTest -->
    </test> <!-- Default test -->
  </suite> <!-- Default suite -->
</testng-results>
