<?xml version="1.0" encoding="UTF-8"?>
<testng-results skipped="0" failed="0" total="1" passed="1">
  <reporter-output>
  </reporter-output>
  <suite name="Default suite" duration-ms="98159" started-at="2019-12-17T18:55:26Z" finished-at="2019-12-17T18:57:04Z">
    <groups>
    </groups>
    <test name="Default test" duration-ms="98159" started-at="2019-12-17T18:55:26Z" finished-at="2019-12-17T18:57:04Z">
      <class name="passwordEncrptnDcrptn.PasswdEncoderDecoder">
        <test-method status="PASS" signature="setup()[pri:0, instance:passwordEncrptnDcrptn.PasswdEncoderDecoder@57baeedf]" name="setup" is-config="true" duration-ms="25405" started-at="2019-12-18T00:25:26Z" finished-at="2019-12-18T00:25:51Z">
          <reporter-output>
          </reporter-output>
        </test-method> <!-- setup -->
        <test-method status="PASS" signature="getLoginPage()[pri:0, instance:passwordEncrptnDcrptn.PasswdEncoderDecoder@57baeedf]" name="getLoginPage" duration-ms="72733" started-at="2019-12-18T00:25:51Z" finished-at="2019-12-18T00:27:04Z">
          <reporter-output>
          </reporter-output>
        </test-method> <!-- getLoginPage -->
        <test-method status="PASS" signature="tearDown()[pri:0, instance:passwordEncrptnDcrptn.PasswdEncoderDecoder@57baeedf]" name="tearDown" is-config="true" duration-ms="0" started-at="2019-12-18T00:27:04Z" finished-at="2019-12-18T00:27:04Z">
          <reporter-output>
          </reporter-output>
        </test-method> <!-- tearDown -->
      </class> <!-- passwordEncrptnDcrptn.PasswdEncoderDecoder -->
    </test> <!-- Default test -->
  </suite> <!-- Default suite -->
</testng-results>
